==============================================================
File generated by Vivado(TM) HLS - High-Level Synthesis from C, C++ and SystemC
Version: 2016.2
Copyright (C) 1986-2016 Xilinx, Inc. All Rights Reserved.

==============================================================

@I [HLS-10] Setting target device to 'xc7z020clg484-1'
@I [SYN-201] Setting up clock 'default' with a period of 10ns.
@I [HLS-10] Analyzing design file 'digitrec.cpp' ... 
@I [HLS-10] Validating synthesis directives ...
@I [HLS-10] Starting code transformations ...
@I [HLS-10] Checking synthesizability ...
@I [XFORM-102] Automatically partitioning small array 'min_distances.V' (digitrec.cpp:137) completely based on array size.
@I [XFORM-102] Automatically partitioning small array 'voters.V' (digitrec.cpp:138) completely based on array size.
@I [XFORM-101] Partitioning array 'min_distances.V' (digitrec.cpp:137) in dimension 1 completely.
@I [XFORM-101] Partitioning array 'voters.V' (digitrec.cpp:138) in dimension 1 completely.
@I [XFORM-401] Performing if-conversion on hyperblock from (digitrec.cpp:141:34) to (digitrec.cpp:141:27) in function 'knn_vote'... converting 5 basic blocks.
@I [XFORM-401] Performing if-conversion on hyperblock from (digitrec.cpp:152:33) to (digitrec.cpp:152:27) in function 'knn_vote'... converting 9 basic blocks.
@I [XFORM-401] Performing if-conversion on hyperblock from (digitrec.cpp:189:36) to (digitrec.cpp:189:30) in function 'knn_vote'... converting 4 basic blocks.
@I [HLS-111] Elapsed time: 5.11 seconds; current memory usage: 149 MB.
@I [HLS-10] Starting hardware synthesis ...
@I [HLS-10] Synthesizing 'dut' ...
@I [HLS-10] ----------------------------------------------------------------
@I [HLS-10] -- Scheduling module 'dut_update_knn' 
@I [HLS-10] ----------------------------------------------------------------
@I [SCHED-11] Starting scheduling ...
@I [SCHED-11] Finished scheduling.
@I [HLS-111] Elapsed time: 0.04 seconds; current memory usage: 149 MB.
@I [HLS-10] ----------------------------------------------------------------
@I [HLS-10] -- Exploring micro-architecture for module 'dut_update_knn' 
@I [HLS-10] ----------------------------------------------------------------
@I [BIND-100] Starting micro-architecture generation ...
@I [BIND-101] Performing variable lifetime analysis.
@I [BIND-101] Exploring resource sharing.
@I [BIND-101] Binding ...
@I [BIND-100] Finished micro-architecture generation.
@I [HLS-111] Elapsed time: 0.08 seconds; current memory usage: 149 MB.
@I [HLS-10] ----------------------------------------------------------------
@I [HLS-10] -- Scheduling module 'dut_knn_vote' 
@I [HLS-10] ----------------------------------------------------------------
@I [SCHED-11] Starting scheduling ...
@I [SCHED-11] Finished scheduling.
@I [HLS-111] Elapsed time: 0.12 seconds; current memory usage: 150 MB.
@I [HLS-10] ----------------------------------------------------------------
@I [HLS-10] -- Exploring micro-architecture for module 'dut_knn_vote' 
@I [HLS-10] ----------------------------------------------------------------
@I [BIND-100] Starting micro-architecture generation ...
@I [BIND-101] Performing variable lifetime analysis.
@I [BIND-101] Exploring resource sharing.
@I [BIND-101] Binding ...
@I [BIND-100] Finished micro-architecture generation.
@I [HLS-111] Elapsed time: 0.23 seconds; current memory usage: 151 MB.
@I [HLS-10] ----------------------------------------------------------------
@I [HLS-10] -- Scheduling module 'dut_digitrec' 
@I [HLS-10] ----------------------------------------------------------------
@I [SCHED-11] Starting scheduling ...
@I [SCHED-11] Finished scheduling.
@I [HLS-111] Elapsed time: 0.25 seconds; current memory usage: 151 MB.
@I [HLS-10] ----------------------------------------------------------------
@I [HLS-10] -- Exploring micro-architecture for module 'dut_digitrec' 
@I [HLS-10] ----------------------------------------------------------------
@I [BIND-100] Starting micro-architecture generation ...
@I [BIND-101] Performing variable lifetime analysis.
@I [BIND-101] Exploring resource sharing.
@I [BIND-101] Binding ...
@I [BIND-100] Finished micro-architecture generation.
@I [HLS-111] Elapsed time: 0.1 seconds; current memory usage: 151 MB.
@I [HLS-10] ----------------------------------------------------------------
@I [HLS-10] -- Scheduling module 'dut' 
@I [HLS-10] ----------------------------------------------------------------
@I [SCHED-11] Starting scheduling ...
@I [SCHED-11] Finished scheduling.
@I [HLS-111] Elapsed time: 0.15 seconds; current memory usage: 151 MB.
@I [HLS-10] ----------------------------------------------------------------
@I [HLS-10] -- Exploring micro-architecture for module 'dut' 
@I [HLS-10] ----------------------------------------------------------------
@I [BIND-100] Starting micro-architecture generation ...
@I [BIND-101] Performing variable lifetime analysis.
@I [BIND-101] Exploring resource sharing.
@I [BIND-101] Binding ...
@I [BIND-100] Finished micro-architecture generation.
@I [HLS-111] Elapsed time: 0.04 seconds; current memory usage: 151 MB.
@I [HLS-10] ----------------------------------------------------------------
@I [HLS-10] -- Generating RTL for module 'dut_update_knn' 
@I [HLS-10] ----------------------------------------------------------------
@I [RTGEN-100] Finished creating RTL model for 'dut_update_knn'.
@I [HLS-111] Elapsed time: 0.08 seconds; current memory usage: 152 MB.
@I [HLS-10] ----------------------------------------------------------------
@I [HLS-10] -- Generating RTL for module 'dut_knn_vote' 
@I [HLS-10] ----------------------------------------------------------------
@I [RTGEN-100] Generating core module 'dut_mux_3to1_sel2_4_1': 1 instance(s).
@I [RTGEN-100] Generating core module 'dut_mux_3to1_sel2_6_1': 2 instance(s).
@I [RTGEN-100] Finished creating RTL model for 'dut_knn_vote'.
@I [HLS-111] Elapsed time: 0.14 seconds; current memory usage: 154 MB.
@I [HLS-10] ----------------------------------------------------------------
@I [HLS-10] -- Generating RTL for module 'dut_digitrec' 
@I [HLS-10] ----------------------------------------------------------------
@I [RTGEN-100] Finished creating RTL model for 'dut_digitrec'.
@I [HLS-111] Elapsed time: 0.43 seconds; current memory usage: 157 MB.
@I [HLS-10] ----------------------------------------------------------------
@I [HLS-10] -- Generating RTL for module 'dut' 
@I [HLS-10] ----------------------------------------------------------------
@I [RTGEN-500] Setting interface mode on port 'dut/strm_in_V_V' to 'ap_fifo'.
@I [RTGEN-500] Setting interface mode on port 'dut/strm_out_V_V' to 'ap_fifo'.
@I [RTGEN-500] Setting interface mode on function 'dut' to 'ap_ctrl_hs'.
@I [RTGEN-100] Finished creating RTL model for 'dut'.
@I [HLS-111] Elapsed time: 0.14 seconds; current memory usage: 158 MB.
@I [RTMG-278] Implementing memory 'dut_knn_vote_votes_V_ram' using distributed RAMs.
@I [RTMG-279] Implementing memory 'dut_digitrec_training_data_V_rom' using auto ROMs.
@I [RTMG-278] Implementing memory 'dut_digitrec_knn_set_V_ram' using distributed RAMs.
@I [HLS-10] Finished generating all RTL models.
@I [SYSC-301] Generating SystemC RTL for dut.
@I [VHDL-304] Generating VHDL RTL for dut.
@I [VLOG-307] Generating Verilog RTL for dut.
@I [HLS-112] Total elapsed time: 71.348 seconds; peak memory usage: 158 MB.
