

================================================================
== Vivado HLS Report for 'dut'
================================================================
* Date:           Fri Oct  5 21:36:32 2018

* Version:        2016.2 (Build 1577090 on Thu Jun 02 16:59:10 MDT 2016)
* Project:        digitrec.prj
* Solution:       solution1
* Product family: zynq
* Target device:  xc7z020clg484-1


================================================================
== Performance Estimates
================================================================
+ Timing (ns): 
    * Summary: 
    +--------+-------+----------+------------+
    |  Clock | Target| Estimated| Uncertainty|
    +--------+-------+----------+------------+
    |ap_clk  |  10.00|      8.64|        1.25|
    +--------+-------+----------+------------+

+ Latency (clock cycles): 
    * Summary: 
    +---------+---------+---------+---------+---------+
    |      Latency      |      Interval     | Pipeline|
    |   min   |   max   |   min   |   max   |   Type  |
    +---------+---------+---------+---------+---------+
    |  1029957|  1191957|  1029958|  1191958|   none  |
    +---------+---------+---------+---------+---------+

    + Detail: 
        * Instance: 
        N/A

        * Loop: 
        N/A

============================================================
+ Verbose Summary: Synthesis Manager
============================================================
InlineROM: 1
ExposeGlobal: 0
============================================================
+ Verbose Summary: CDFG Model
============================================================
IsTopModel: 1
ResetActiveHigh: 1
IsCombinational: 0
IsDatapathOnly: 0
HasWiredReturn: 1
HasMFsm: 0
HasVarLatency: 1
IsPipeline: 0
IsRtlPipelined: 0
IsInstanceOverlapped: 0
IsDontTouch: 0
HasImplIP: 0
IsGatedGlobalClock: 0


============================================================
+ Verbose Summary: Schedule
============================================================
* Number of FSM states: 3
* Pipeline: 0
* Dataflow Pipeline: 0

* FSM state transitions: 
1 --> 
	2  / true
2 --> 
	3  / true
3 --> 
* FSM state operations: 

 <State 1>: 4.38ns
ST_1: tmp_V [1/1] 4.38ns
:5  %tmp_V = call i32 @_ssdm_op_Read.ap_fifo.volatile.i32P(i32* %strm_in_V_V)


 <State 2>: 4.38ns
ST_2: tmp_V_1 [1/1] 4.38ns
:6  %tmp_V_1 = call i32 @_ssdm_op_Read.ap_fifo.volatile.i32P(i32* %strm_in_V_V)

ST_2: tmp [1/1] 0.00ns
:7  %tmp = trunc i32 %tmp_V_1 to i17

ST_2: p_Result_s [1/1] 0.00ns
:8  %p_Result_s = call i49 @_ssdm_op_BitConcatenate.i49.i17.i32(i17 %tmp, i32 %tmp_V)

ST_2: output_V [2/2] 0.00ns
:9  %output_V = call fastcc i4 @dut_digitrec(i49 %p_Result_s)


 <State 3>: 4.38ns
ST_3: empty [1/1] 0.00ns
:0  %empty = call i32 (...)* @_ssdm_op_SpecInterface(i32* %strm_out_V_V, [8 x i8]* @ap_fifo_str, i32 0, i32 0, i32 0, i32 0, [1 x i8]* @p_str34, [1 x i8]* @p_str35, [1 x i8]* @p_str36, i32 2, i32 2, i32 16, i32 16, [1 x i8]* @p_str37)

ST_3: empty_16 [1/1] 0.00ns
:1  %empty_16 = call i32 (...)* @_ssdm_op_SpecInterface(i32* %strm_in_V_V, [8 x i8]* @ap_fifo_str, i32 0, i32 0, i32 0, i32 0, [1 x i8]* @p_str30, [1 x i8]* @p_str31, [1 x i8]* @p_str32, i32 2, i32 2, i32 16, i32 16, [1 x i8]* @p_str33)

ST_3: stg_11 [1/1] 0.00ns
:2  call void (...)* @_ssdm_op_SpecBitsMap(i32* %strm_in_V_V), !map !98

ST_3: stg_12 [1/1] 0.00ns
:3  call void (...)* @_ssdm_op_SpecBitsMap(i32* %strm_out_V_V), !map !102

ST_3: stg_13 [1/1] 0.00ns
:4  call void (...)* @_ssdm_op_SpecTopModule([4 x i8]* @dut_str) nounwind

ST_3: output_V [1/2] 0.00ns
:9  %output_V = call fastcc i4 @dut_digitrec(i49 %p_Result_s)

ST_3: tmp_V_2 [1/1] 0.00ns
:10  %tmp_V_2 = zext i4 %output_V to i32

ST_3: stg_16 [1/1] 4.38ns
:11  call void @_ssdm_op_Write.ap_fifo.volatile.i32P(i32* %strm_out_V_V, i32 %tmp_V_2)

ST_3: stg_17 [1/1] 0.00ns
:12  ret void



============================================================
+ Verbose Summary: Timing violations
============================================================
Target clock period: 10ns, clock uncertainty: 1.25ns.

 No timing violations. 


============================================================
+ Verbose Summary: Binding
============================================================
N/A
* FSMD analyzer results:
  - Output states:
 - Input state : 
  - Chain level:
	State 1
	State 2
	State 3


============================================================
+ Verbose Summary: Datapath Resource usage 
============================================================
N/A
