

================================================================
== Vivado HLS Report for 'dut_knn_vote'
================================================================
* Date:           Fri Oct  5 21:36:32 2018

* Version:        2016.2 (Build 1577090 on Thu Jun 02 16:59:10 MDT 2016)
* Project:        digitrec.prj
* Solution:       solution1
* Product family: zynq
* Target device:  xc7z020clg484-1


================================================================
== Performance Estimates
================================================================
+ Timing (ns): 
    * Summary: 
    +--------+-------+----------+------------+
    |  Clock | Target| Estimated| Uncertainty|
    +--------+-------+----------+------------+
    |ap_clk  |  10.00|      8.64|        1.25|
    +--------+-------+----------+------------+

+ Latency (clock cycles): 
    * Summary: 
    +-----+-----+-----+-----+---------+
    |  Latency  |  Interval | Pipeline|
    | min | max | min | max |   Type  |
    +-----+-----+-----+-----+---------+
    |  302|  302|  302|  302|   none  |
    +-----+-----+-----+-----+---------+

    + Detail: 
        * Instance: 
        N/A

        * Loop: 
        +-------------------------------+-----+-----+----------+-----------+-----------+------+----------+
        |                               |  Latency  | Iteration|  Initiation Interval  | Trip |          |
        |           Loop Name           | min | max |  Latency |  achieved |   target  | Count| Pipelined|
        +-------------------------------+-----+-----+----------+-----------+-----------+------+----------+
        |- VOTEINIT_LOOP                |    3|    3|         1|          -|          -|     3|    no    |
        |- MINDISTANCE_LOOP             |  260|  260|        26|          -|          -|    10|    no    |
        | + MINDISTANCE_INNRER_LOOP1    |   24|   24|         8|          -|          -|     3|    no    |
        |  ++ MINDISTANCE_INNRER_LOOP2  |    6|    6|         2|          -|          -|     3|    no    |
        |- ZEROVOTE_LOOP                |   10|   10|         1|          -|          -|    10|    no    |
        |- VOTING_LOOP                  |    6|    6|         2|          -|          -|     3|    no    |
        |- COUNT_LOOP                   |   18|   18|         2|          -|          -|     9|    no    |
        +-------------------------------+-----+-----+----------+-----------+-----------+------+----------+



================================================================
== Utilization Estimates
================================================================
* Summary: 
+-----------------+---------+-------+--------+-------+
|       Name      | BRAM_18K| DSP48E|   FF   |  LUT  |
+-----------------+---------+-------+--------+-------+
|DSP              |        -|      -|       -|      -|
|Expression       |        -|      -|       0|    231|
|FIFO             |        -|      -|       -|      -|
|Instance         |        -|      -|       0|     18|
|Memory           |        0|      -|       8|      1|
|Multiplexer      |        -|      -|       -|     76|
|Register         |        -|      -|     147|      -|
+-----------------+---------+-------+--------+-------+
|Total            |        0|      0|     155|    326|
+-----------------+---------+-------+--------+-------+
|Available        |      280|    220|  106400|  53200|
+-----------------+---------+-------+--------+-------+
|Utilization (%)  |        0|      0|   ~0   |   ~0  |
+-----------------+---------+-------+--------+-------+

+ Detail: 
    * Instance: 
    +--------------------------+-----------------------+---------+-------+---+----+
    |         Instance         |         Module        | BRAM_18K| DSP48E| FF| LUT|
    +--------------------------+-----------------------+---------+-------+---+----+
    |dut_mux_3to1_sel2_4_1_U6  |dut_mux_3to1_sel2_4_1  |        0|      0|  0|   6|
    |dut_mux_3to1_sel2_6_1_U5  |dut_mux_3to1_sel2_6_1  |        0|      0|  0|   6|
    |dut_mux_3to1_sel2_6_1_U7  |dut_mux_3to1_sel2_6_1  |        0|      0|  0|   6|
    +--------------------------+-----------------------+---------+-------+---+----+
    |Total                     |                       |        0|      0|  0|  18|
    +--------------------------+-----------------------+---------+-------+---+----+

    * DSP48: 
    N/A

    * Memory: 
    +-----------+----------------------+---------+---+----+------+-----+------+-------------+
    |   Memory  |        Module        | BRAM_18K| FF| LUT| Words| Bits| Banks| W*Bits*Banks|
    +-----------+----------------------+---------+---+----+------+-----+------+-------------+
    |votes_V_U  |dut_knn_vote_votes_V  |        0|  8|   1|    10|    4|     1|           40|
    +-----------+----------------------+---------+---+----+------+-----+------+-------------+
    |Total      |                      |        0|  8|   1|    10|    4|     1|           40|
    +-----------+----------------------+---------+---+----+------+-----+------+-------------+

    * FIFO: 
    N/A

    * Expression: 
    +------------------------------------+----------+-------+---+----+------------+------------+
    |            Variable Name           | Operation| DSP48E| FF| LUT| Bitwidth P0| Bitwidth P1|
    +------------------------------------+----------+-------+---+----+------------+------------+
    |i_3_fu_402_p2                       |     +    |      0|  0|   4|           4|           1|
    |i_4_fu_725_p2                       |     +    |      0|  0|   2|           2|           1|
    |i_V_fu_892_p2                       |     +    |      0|  0|   4|           4|           1|
    |i_fu_708_p2                         |     +    |      0|  0|   4|           4|           1|
    |j_1_fu_432_p2                       |     +    |      0|  0|   2|           2|           1|
    |k_1_fu_308_p2                       |     +    |      0|  0|   2|           2|           1|
    |k_2_fu_458_p2                       |     +    |      0|  0|   2|           2|           1|
    |tmp_11_fu_790_p2                    |     +    |      0|  0|   4|           4|           1|
    |tmp_14_fu_442_p2                    |     +    |      0|  0|   6|           6|           6|
    |tmp_8_fu_420_p2                     |     -    |      0|  0|   6|           6|           6|
    |sel_tmp3_fu_862_p2                  |    and   |      0|  0|   1|           1|           1|
    |sel_tmp8_fu_618_p2                  |    and   |      0|  0|   1|           1|           1|
    |cond_fu_482_p2                      |   icmp   |      0|  0|   1|           2|           1|
    |exitcond1_fu_302_p2                 |   icmp   |      0|  0|   1|           2|           2|
    |exitcond2_fu_396_p2                 |   icmp   |      0|  0|   2|           4|           4|
    |exitcond3_fu_702_p2                 |   icmp   |      0|  0|   2|           4|           4|
    |exitcond4_fu_426_p2                 |   icmp   |      0|  0|   1|           2|           2|
    |exitcond5_fu_719_p2                 |   icmp   |      0|  0|   1|           2|           2|
    |exitcond6_fu_452_p2                 |   icmp   |      0|  0|   1|           2|           2|
    |exitcond_fu_797_p2                  |   icmp   |      0|  0|   2|           4|           4|
    |sel_tmp1_fu_520_p2                  |   icmp   |      0|  0|   1|           2|           1|
    |sel_tmp6_fu_328_p2                  |   icmp   |      0|  0|   1|           2|           1|
    |sel_tmp_fu_314_p2                   |   icmp   |      0|  0|   1|           2|           1|
    |tmp_12_fu_760_p2                    |   icmp   |      0|  0|   3|           6|           6|
    |tmp_17_fu_822_p2                    |   icmp   |      0|  0|   2|           4|           4|
    |tmp_18_fu_476_p2                    |   icmp   |      0|  0|   3|           6|           6|
    |tmp_19_fu_828_p2                    |   icmp   |      0|  0|   2|           4|           4|
    |tmp_20_fu_508_p2                    |   icmp   |      0|  0|   3|           6|           5|
    |tmp_21_fu_514_p2                    |   icmp   |      0|  0|   2|           2|           3|
    |tmp_22_fu_817_p2                    |   icmp   |      0|  0|   3|           7|           7|
    |ult_fu_496_p2                       |   icmp   |      0|  0|   3|           6|           6|
    |or_cond_fu_612_p2                   |    or    |      0|  0|   1|           1|           1|
    |tmp_fu_606_p2                       |    or    |      0|  0|   1|           1|           1|
    |min_distances_0_V_1_fu_358_p3       |  select  |      0|  0|   6|           1|           5|
    |min_distances_1_V_1_fu_350_p3       |  select  |      0|  0|   6|           1|           6|
    |min_distances_2_V_11_fu_598_p3      |  select  |      0|  0|   6|           1|           6|
    |min_distances_2_V_12_fu_656_p3      |  select  |      0|  0|   6|           1|           6|
    |min_distances_2_V_13_fu_664_p3      |  select  |      0|  0|   6|           1|           6|
    |min_distances_2_V_1_fu_334_p3       |  select  |      0|  0|   6|           1|           6|
    |min_distances_2_V_5_fu_574_p3       |  select  |      0|  0|   6|           1|           6|
    |min_distances_2_V_6_fu_648_p3       |  select  |      0|  0|   6|           1|           6|
    |min_distances_2_V_7_fu_590_p3       |  select  |      0|  0|   6|           1|           6|
    |min_distances_2_V_8_fu_566_p3       |  select  |      0|  0|   6|           1|           6|
    |min_distances_2_V_9_fu_582_p3       |  select  |      0|  0|   6|           1|           6|
    |min_distances_V_load_phi_fu_488_p3  |  select  |      0|  0|   6|           1|           6|
    |min_voter_V_s_fu_770_p3             |  select  |      0|  0|   6|           1|           6|
    |p_1_14_fu_778_p3                    |  select  |      0|  0|   6|           1|           6|
    |p_2_agg_result_V_fu_834_p3          |  select  |      0|  0|   4|           1|           4|
    |p_2_agg_result_V_load_fu_841_p3     |  select  |      0|  0|   4|           1|           4|
    |result_V_1_fu_848_p3                |  select  |      0|  0|   4|           1|           4|
    |result_V_2_fu_868_p3                |  select  |      0|  0|   4|           1|           4|
    |result_V_3_fu_876_p3                |  select  |      0|  0|   4|           1|           4|
    |result_V_4_fu_884_p3                |  select  |      0|  0|   4|           1|           4|
    |sel_tmp5_fu_320_p3                  |  select  |      0|  0|   6|           1|           6|
    |sel_tmp9_fu_342_p3                  |  select  |      0|  0|   6|           1|           5|
    |voters_2_V_12_fu_640_p3             |  select  |      0|  0|   4|           1|           4|
    |voters_2_V_3_fu_534_p3              |  select  |      0|  0|   4|           1|           4|
    |voters_2_V_4_fu_624_p3              |  select  |      0|  0|   4|           1|           4|
    |voters_2_V_5_fu_542_p3              |  select  |      0|  0|   4|           1|           4|
    |voters_2_V_6_fu_550_p3              |  select  |      0|  0|   4|           1|           4|
    |voters_2_V_8_fu_558_p3              |  select  |      0|  0|   4|           1|           4|
    |voters_2_V_9_fu_632_p3              |  select  |      0|  0|   4|           1|           4|
    |voters_2_V_fu_526_p3                |  select  |      0|  0|   4|           1|           4|
    |rev_fu_502_p2                       |    xor   |      0|  0|   2|           1|           2|
    |sel_tmp2_fu_856_p2                  |    xor   |      0|  0|   2|           1|           2|
    +------------------------------------+----------+-------+---+----+------------+------------+
    |Total                               |          |      0|  0| 231|         141|         243|
    +------------------------------------+----------+-------+---+----+------------+------------+

    * Multiplexer: 
    +---------------------------+----+-----------+-----+-----------+
    |            Name           | LUT| Input Size| Bits| Total Bits|
    +---------------------------+----+-----------+-----+-----------+
    |agg_result_V_load_reg_251  |   4|          2|    4|          8|
    |agg_result_V_reg_239       |   4|          2|    4|          8|
    |ap_NS_fsm                  |   6|         12|    1|         12|
    |ap_return                  |   4|          2|    4|          8|
    |i4_reg_195                 |   4|          2|    4|          8|
    |i5_reg_228                 |   2|          2|    2|          4|
    |j_reg_172                  |   2|          2|    2|          4|
    |k2_reg_183                 |   2|          2|    2|          4|
    |k_reg_149                  |   2|          2|    2|          4|
    |min_distances_2_V_2_fu_86  |   6|          2|    6|         12|
    |min_distances_2_V_3_fu_78  |   6|          2|    6|         12|
    |min_distances_2_V_4_fu_82  |   6|          2|    6|         12|
    |p_1_reg_217                |   6|          2|    6|         12|
    |p_s_reg_206                |   6|          2|    6|         12|
    |result_V_reg_263           |   4|          2|    4|          8|
    |voters_1_V_reg_160         |   4|          2|    4|          8|
    |votes_V_address0           |   4|          5|    4|         20|
    |votes_V_d0                 |   4|          3|    4|         12|
    +---------------------------+----+-----------+-----+-----------+
    |Total                      |  76|         50|   71|        168|
    +---------------------------+----+-----------+-----+-----------+

    * Register: 
    +---------------------------+----+----+-----+-----------+
    |            Name           | FF | LUT| Bits| Const Bits|
    +---------------------------+----+----+-----+-----------+
    |agg_result_V_load_reg_251  |   4|   0|    4|          0|
    |agg_result_V_reg_239       |   4|   0|    4|          0|
    |ap_CS_fsm                  |  11|   0|   11|          0|
    |ap_return_preg             |   4|   0|    4|          0|
    |i4_reg_195                 |   4|   0|    4|          0|
    |i5_reg_228                 |   2|   0|    2|          0|
    |i_3_reg_966                |   4|   0|    4|          0|
    |i_4_reg_1008               |   2|   0|    2|          0|
    |j_1_reg_979                |   2|   0|    2|          0|
    |j_reg_172                  |   2|   0|    2|          0|
    |k2_reg_183                 |   2|   0|    2|          0|
    |k_2_reg_992                |   2|   0|    2|          0|
    |k_reg_149                  |   2|   0|    2|          0|
    |knn_set_V_addr_reg_984     |   5|   0|    5|          0|
    |min_distances_0_V_fu_62    |   6|   0|    6|          0|
    |min_distances_1_V_fu_66    |   6|   0|    6|          0|
    |min_distances_2_V_2_fu_86  |   6|   0|    6|          0|
    |min_distances_2_V_3_fu_78  |   6|   0|    6|          0|
    |min_distances_2_V_4_fu_82  |   6|   0|    6|          0|
    |min_distances_2_V_fu_70    |   6|   0|    6|          0|
    |min_voter_V_s_reg_1018     |   6|   0|    6|          0|
    |p_1_14_reg_1023            |   6|   0|    6|          0|
    |p_1_reg_217                |   6|   0|    6|          0|
    |p_s_reg_206                |   6|   0|    6|          0|
    |result_V_reg_263           |   4|   0|    4|          0|
    |tmp_15_cast_reg_1028       |   6|   0|    7|          1|
    |tmp_22_reg_1046            |   1|   0|    1|          0|
    |tmp_8_reg_971              |   6|   0|    6|          0|
    |voters_1_V_reg_160         |   4|   0|    4|          0|
    |voters_2_V_1_fu_90         |   4|   0|    4|          0|
    |voters_2_V_2_fu_94         |   4|   0|    4|          0|
    |voters_2_V_7_fu_98         |   4|   0|    4|          0|
    |votes_V_addr_1_reg_1013    |   4|   0|    4|          0|
    +---------------------------+----+----+-----+-----------+
    |Total                      | 147|   0|  148|          1|
    +---------------------------+----+----+-----+-----------+



================================================================
== Interface
================================================================
* Summary: 
+--------------------+-----+-----+------------+--------------+--------------+
|      RTL Ports     | Dir | Bits|  Protocol  | Source Object|    C Type    |
+--------------------+-----+-----+------------+--------------+--------------+
|ap_clk              |  in |    1| ap_ctrl_hs | dut_knn_vote | return value |
|ap_rst              |  in |    1| ap_ctrl_hs | dut_knn_vote | return value |
|ap_start            |  in |    1| ap_ctrl_hs | dut_knn_vote | return value |
|ap_done             | out |    1| ap_ctrl_hs | dut_knn_vote | return value |
|ap_idle             | out |    1| ap_ctrl_hs | dut_knn_vote | return value |
|ap_ready            | out |    1| ap_ctrl_hs | dut_knn_vote | return value |
|ap_return           | out |    4| ap_ctrl_hs | dut_knn_vote | return value |
|knn_set_V_address0  | out |    5|  ap_memory |   knn_set_V  |     array    |
|knn_set_V_ce0       | out |    1|  ap_memory |   knn_set_V  |     array    |
|knn_set_V_q0        |  in |    6|  ap_memory |   knn_set_V  |     array    |
+--------------------+-----+-----+------------+--------------+--------------+

