

================================================================
== Vivado HLS Report for 'dut_digitrec'
================================================================
* Date:           Fri Oct  5 21:37:08 2018

* Version:        2016.2 (Build 1577090 on Thu Jun 02 16:59:10 MDT 2016)
* Project:        digitrec.prj
* Solution:       solution1
* Product family: zynq
* Target device:  xc7z020clg484-1


================================================================
== Performance Estimates
================================================================
+ Timing (ns): 
    * Summary: 
    +--------+-------+----------+------------+
    |  Clock | Target| Estimated| Uncertainty|
    +--------+-------+----------+------------+
    |ap_clk  |  10.00|      8.64|        1.25|
    +--------+-------+----------+------------+

+ Latency (clock cycles): 
    * Summary: 
    +---------+---------+---------+---------+---------+
    |      Latency      |      Interval     | Pipeline|
    |   min   |   max   |   min   |   max   |   Type  |
    +---------+---------+---------+---------+---------+
    |  1029955|  1191955|  1029955|  1191955|   none  |
    +---------+---------+---------+---------+---------+

    + Detail: 
        * Instance: 
        +---------------------------+----------------+-----+-----+-----+-----+---------+
        |                           |                |  Latency  |  Interval | Pipeline|
        |          Instance         |     Module     | min | max | min | max |   Type  |
        +---------------------------+----------------+-----+-----+-----+-----+---------+
        |grp_dut_knn_vote_fu_148    |dut_knn_vote    |  302|  302|  302|  302|   none  |
        |grp_dut_update_knn_fu_153  |dut_update_knn  |   54|   63|   54|   63|   none  |
        +---------------------------+----------------+-----+-----+-----+-----+---------+

        * Loop: 
        +-------------+---------+---------+-----------+-----------+-----------+------+----------+
        |             |      Latency      | Iteration |  Initiation Interval  | Trip |          |
        |  Loop Name  |   min   |   max   |  Latency  |  achieved |   target  | Count| Pipelined|
        +-------------+---------+---------+-----------+-----------+-----------+------+----------+
        |- Loop 1     |       50|       50|          5|          -|          -|    10|    no    |
        | + Loop 1.1  |        3|        3|          1|          -|          -|     3|    no    |
        |- L1800      |  1029600|  1191600| 572 ~ 662 |          -|          -|  1800|    no    |
        | + L10       |      570|      660|  57 ~ 66  |          -|          -|    10|    no    |
        +-------------+---------+---------+-----------+-----------+-----------+------+----------+



================================================================
== Utilization Estimates
================================================================
* Summary: 
+-----------------+---------+-------+--------+-------+
|       Name      | BRAM_18K| DSP48E|   FF   |  LUT  |
+-----------------+---------+-------+--------+-------+
|DSP              |        -|      -|       -|      -|
|Expression       |        -|      -|       0|     72|
|FIFO             |        -|      -|       -|      -|
|Instance         |        0|      -|     265|    611|
|Memory           |       96|      -|      12|      3|
|Multiplexer      |        -|      -|       -|     57|
|Register         |        -|      -|     149|      -|
+-----------------+---------+-------+--------+-------+
|Total            |       96|      0|     426|    743|
+-----------------+---------+-------+--------+-------+
|Available        |      280|    220|  106400|  53200|
+-----------------+---------+-------+--------+-------+
|Utilization (%)  |       34|      0|   ~0   |      1|
+-----------------+---------+-------+--------+-------+

+ Detail: 
    * Instance: 
    +---------------------------+----------------+---------+-------+-----+-----+
    |          Instance         |     Module     | BRAM_18K| DSP48E|  FF | LUT |
    +---------------------------+----------------+---------+-------+-----+-----+
    |grp_dut_knn_vote_fu_148    |dut_knn_vote    |        0|      0|  155|  326|
    |grp_dut_update_knn_fu_153  |dut_update_knn  |        0|      0|  110|  285|
    +---------------------------+----------------+---------+-------+-----+-----+
    |Total                      |                |        0|      0|  265|  611|
    +---------------------------+----------------+---------+-------+-----+-----+

    * DSP48: 
    N/A

    * Memory: 
    +-------------------+------------------------------+---------+----+----+-------+-----+------+-------------+
    |       Memory      |            Module            | BRAM_18K| FF | LUT| Words | Bits| Banks| W*Bits*Banks|
    +-------------------+------------------------------+---------+----+----+-------+-----+------+-------------+
    |knn_set_V_U        |dut_digitrec_knn_set_V        |        0|  12|   3|     30|    6|     1|          180|
    |training_data_V_U  |dut_digitrec_training_data_V  |       96|   0|   0|  18000|   48|     1|       864000|
    +-------------------+------------------------------+---------+----+----+-------+-----+------+-------------+
    |Total              |                              |       96|  12|   3|  18030|   54|     2|       864180|
    +-------------------+------------------------------+---------+----+----+-------+-----+------+-------------+

    * FIFO: 
    N/A

    * Expression: 
    +---------------------+----------+-------+---+----+------------+------------+
    |    Variable Name    | Operation| DSP48E| FF| LUT| Bitwidth P0| Bitwidth P1|
    +---------------------+----------+-------+---+----+------------+------------+
    |i_5_fu_169_p2        |     +    |      0|  0|   4|           4|           1|
    |i_6_fu_225_p2        |     +    |      0|  0|  11|          11|           1|
    |j_2_fu_241_p2        |     +    |      0|  0|   4|           4|           1|
    |k_3_fu_199_p2        |     +    |      0|  0|   2|           2|           1|
    |next_mul_fu_247_p2   |     +    |      0|  0|  15|          15|          11|
    |tmp_25_fu_209_p2     |     +    |      0|  0|   6|           6|           6|
    |tmp_26_fu_253_p2     |     +    |      0|  0|  15|          15|          15|
    |tmp_23_fu_187_p2     |     -    |      0|  0|   6|           6|           6|
    |exitcond7_fu_163_p2  |   icmp   |      0|  0|   2|           4|           4|
    |exitcond8_fu_219_p2  |   icmp   |      0|  0|   4|          11|           9|
    |exitcond9_fu_193_p2  |   icmp   |      0|  0|   1|           2|           2|
    |exitcond_fu_235_p2   |   icmp   |      0|  0|   2|           4|           4|
    +---------------------+----------+-------+---+----+------------+------------+
    |Total                |          |      0|  0|  72|          84|          61|
    +---------------------+----------+-------+---+----+------------+------------+

    * Multiplexer: 
    +--------------------+----+-----------+-----+-----------+
    |        Name        | LUT| Input Size| Bits| Total Bits|
    +--------------------+----+-----------+-----+-----------+
    |ap_NS_fsm           |   4|          9|    1|          9|
    |ap_return           |   4|          2|    4|          8|
    |i4_reg_114          |  11|          2|   11|         22|
    |i_reg_92            |   4|          2|    4|          8|
    |j_reg_125           |   4|          2|    4|          8|
    |k_reg_103           |   2|          2|    2|          4|
    |knn_set_V_address0  |   5|          4|    5|         20|
    |knn_set_V_ce0       |   1|          4|    1|          4|
    |knn_set_V_d0        |   6|          3|    6|         18|
    |knn_set_V_we0       |   1|          3|    1|          3|
    |phi_mul_reg_137     |  15|          2|   15|         30|
    +--------------------+----+-----------+-----+-----------+
    |Total               |  57|         35|   54|        134|
    +--------------------+----+-----------+-----+-----------+

    * Register: 
    +-------------------------------------------+----+----+-----+-----------+
    |                    Name                   | FF | LUT| Bits| Const Bits|
    +-------------------------------------------+----+----+-----+-----------+
    |ap_CS_fsm                                  |   8|   0|    8|          0|
    |ap_reg_grp_dut_knn_vote_fu_148_ap_start    |   1|   0|    1|          0|
    |ap_reg_grp_dut_update_knn_fu_153_ap_start  |   1|   0|    1|          0|
    |ap_return_preg                             |   4|   0|    4|          0|
    |i4_reg_114                                 |  11|   0|   11|          0|
    |i_5_reg_271                                |   4|   0|    4|          0|
    |i_6_reg_292                                |  11|   0|   11|          0|
    |i_reg_92                                   |   4|   0|    4|          0|
    |j_2_reg_305                                |   4|   0|    4|          0|
    |j_reg_125                                  |   4|   0|    4|          0|
    |k_reg_103                                  |   2|   0|    2|          0|
    |next_mul_reg_310                           |  15|   0|   15|          0|
    |phi_mul_reg_137                            |  15|   0|   15|          0|
    |tmp_23_reg_276                             |   6|   0|    6|          0|
    |tmp_cast_19_reg_297                        |  11|   0|   15|          4|
    |training_instance_V_reg_320                |  48|   0|   48|          0|
    +-------------------------------------------+----+----+-----+-----------+
    |Total                                      | 149|   0|  153|          4|
    +-------------------------------------------+----+----+-----+-----------+



================================================================
== Interface
================================================================
* Summary: 
+-----------+-----+-----+------------+--------------+--------------+
| RTL Ports | Dir | Bits|  Protocol  | Source Object|    C Type    |
+-----------+-----+-----+------------+--------------+--------------+
|ap_clk     |  in |    1| ap_ctrl_hs | dut_digitrec | return value |
|ap_rst     |  in |    1| ap_ctrl_hs | dut_digitrec | return value |
|ap_start   |  in |    1| ap_ctrl_hs | dut_digitrec | return value |
|ap_done    | out |    1| ap_ctrl_hs | dut_digitrec | return value |
|ap_idle    | out |    1| ap_ctrl_hs | dut_digitrec | return value |
|ap_ready   | out |    1| ap_ctrl_hs | dut_digitrec | return value |
|ap_return  | out |    4| ap_ctrl_hs | dut_digitrec | return value |
|input_V    |  in |   49|   ap_none  |    input_V   |    scalar    |
+-----------+-----+-----+------------+--------------+--------------+

